<?xml version="1.0" encoding="UTF-8"?>
<!-- Generated by org.testng.reporters.JUnitXMLReporter -->
<testsuite hostname="DELL5010" ignored="0" name="Test" tests="1" failures="0" timestamp="21 Apr 2020 12:48:12 GMT" time="0.043" errors="0">
  <testcase name="@BeforeSuite setupSuite" time="0.81" classname="com.automationtest.pages.BaseClass">
    <failure type="java.lang.Error" message="Unresolved compilation problem: 
	VERSION_2_3_29 cannot be resolved or is not a field
">
      <![CDATA[java.lang.Error: Unresolved compilation problem: 
	VERSION_2_3_29 cannot be resolved or is not a field

	at com.aventstack.extentreports.reporter.BasicFileReporter.start(BasicFileReporter.java:98)
	at com.aventstack.extentreports.ReportObservable.register(ReportObservable.java:191)
	at java.util.Spliterators$ArraySpliterator.forEachRemaining(Unknown Source)
	at java.util.stream.ReferencePipeline$Head.forEach(Unknown Source)
	at com.aventstack.extentreports.ExtentReports.attachReporter(ExtentReports.java:82)
	at com.automationtest.pages.BaseClass.setupSuite(BaseClass.java:34)
... Removed 19 stack frames]]>
    </failure>
  </testcase> <!-- @BeforeSuite setupSuite -->
  <testcase name="@BeforeClass setup" time="0.0" classname="com.automationtest.pages.BaseClass">
    <skipped/>
  </testcase> <!-- @BeforeClass setup -->
  <testcase name="@AfterClass tearDown" time="0.0" classname="com.automationtest.pages.BaseClass">
    <skipped/>
  </testcase> <!-- @AfterClass tearDown -->
  <testcase name="loginApp" time="0.001" classname="com.automationtest.testcases.LoginAppTest">
    <skipped/>
  </testcase> <!-- loginApp -->
</testsuite> <!-- Test -->
